0 info it worked if it ends with ok
1 verbose cli [ '/usr/local/bin/node',
1 verbose cli   '/usr/local/bin/npm',
1 verbose cli   'install',
1 verbose cli   'ngrok',
1 verbose cli   '-g' ]
2 info using npm@2.11.2
3 info using node@v0.12.5
4 verbose install initial load of /usr/local/lib/package.json
5 verbose readDependencies loading dependencies from /usr/local/lib/package.json
6 silly cache add args [ 'ngrok', null ]
7 verbose cache add spec ngrok
8 silly cache add parsed spec { raw: 'ngrok',
8 silly cache add   scope: null,
8 silly cache add   name: 'ngrok',
8 silly cache add   rawSpec: '',
8 silly cache add   spec: '*',
8 silly cache add   type: 'range' }
9 silly addNamed ngrok@*
10 verbose addNamed "*" is a valid semver range for ngrok
11 silly addNameRange { name: 'ngrok', range: '*', hasData: false }
12 silly mapToRegistry name ngrok
13 silly mapToRegistry using default registry
14 silly mapToRegistry registry https://registry.npmjs.org/
15 silly mapToRegistry uri https://registry.npmjs.org/ngrok
16 verbose addNameRange registry:https://registry.npmjs.org/ngrok not in flight; fetching
17 verbose request uri https://registry.npmjs.org/ngrok
18 verbose request no auth needed
19 info attempt registry request try #1 at 16:03:52
20 verbose request id d0b7b5df14963c64
21 http request GET https://registry.npmjs.org/ngrok
22 http 200 https://registry.npmjs.org/ngrok
23 silly get cb [ 200,
23 silly get   { server: 'CouchDB/1.5.0 (Erlang OTP/R16B03)',
23 silly get     etag: '"17WSL0KSWPHNAAK7LBHSKC9IP"',
23 silly get     'content-type': 'application/json',
23 silly get     'content-encoding': 'gzip',
23 silly get     'cache-control': 'max-age=300',
23 silly get     'content-length': '5895',
23 silly get     'accept-ranges': 'bytes',
23 silly get     date: 'Tue, 26 Apr 2016 14:03:53 GMT',
23 silly get     via: '1.1 varnish',
23 silly get     age: '0',
23 silly get     connection: 'keep-alive',
23 silly get     'x-served-by': 'cache-lcy1122-LCY',
23 silly get     'x-cache': 'HIT',
23 silly get     'x-cache-hits': '1',
23 silly get     'x-timer': 'S1461679433.171493,VS0,VE93',
23 silly get     vary: 'Accept-Encoding' } ]
24 verbose get saving ngrok to /home/coder/.npm/registry.npmjs.org/ngrok/.cache.json
25 silly addNameRange number 2 { name: 'ngrok', range: '*', hasData: true }
26 silly addNameRange versions [ 'ngrok',
26 silly addNameRange   [ '0.1.0',
26 silly addNameRange     '0.1.1',
26 silly addNameRange     '0.1.2',
26 silly addNameRange     '0.1.3',
26 silly addNameRange     '0.1.4',
26 silly addNameRange     '0.1.5',
26 silly addNameRange     '0.1.6',
26 silly addNameRange     '0.1.7',
26 silly addNameRange     '0.1.8',
26 silly addNameRange     '0.1.9',
26 silly addNameRange     '0.1.91',
26 silly addNameRange     '0.1.92',
26 silly addNameRange     '0.1.93',
26 silly addNameRange     '0.1.94',
26 silly addNameRange     '0.1.95',
26 silly addNameRange     '0.1.96',
26 silly addNameRange     '0.1.97',
26 silly addNameRange     '0.1.98',
26 silly addNameRange     '0.1.99',
26 silly addNameRange     '0.2.0',
26 silly addNameRange     '0.2.1',
26 silly addNameRange     '0.2.2',
26 silly addNameRange     '0.2.3',
26 silly addNameRange     '2.1.1',
26 silly addNameRange     '2.1.2',
26 silly addNameRange     '2.1.3',
26 silly addNameRange     '2.1.4',
26 silly addNameRange     '2.1.5',
26 silly addNameRange     '2.1.6',
26 silly addNameRange     '2.1.7' ] ]
27 silly addNamed ngrok@2.1.7
28 verbose addNamed "2.1.7" is a plain semver version for ngrok
29 silly mapToRegistry name ngrok
30 silly mapToRegistry using default registry
31 silly mapToRegistry registry https://registry.npmjs.org/
32 silly mapToRegistry uri https://registry.npmjs.org/ngrok
33 verbose addRemoteTarball https://registry.npmjs.org/ngrok/-/ngrok-2.1.7.tgz not in flight; adding
34 verbose addRemoteTarball [ 'https://registry.npmjs.org/ngrok/-/ngrok-2.1.7.tgz',
34 verbose addRemoteTarball   '16eafac537d87a0495c75346b60aabe064541a64' ]
35 info retry fetch attempt 1 at 16:03:53
36 info attempt registry request try #1 at 16:03:53
37 http fetch GET https://registry.npmjs.org/ngrok/-/ngrok-2.1.7.tgz
38 http fetch 200 https://registry.npmjs.org/ngrok/-/ngrok-2.1.7.tgz
39 silly fetchAndShaCheck shasum 16eafac537d87a0495c75346b60aabe064541a64
40 verbose addTmpTarball /tmp/npm-3498-5ea3a7e2/registry.npmjs.org/ngrok/-/ngrok-2.1.7.tgz not in flight; adding
41 verbose addTmpTarball already have metadata; skipping unpack for ngrok@2.1.7
42 silly cache afterAdd ngrok@2.1.7
43 verbose afterAdd /home/coder/.npm/ngrok/2.1.7/package/package.json not in flight; writing
44 verbose afterAdd /home/coder/.npm/ngrok/2.1.7/package/package.json written
45 silly install resolved [ { name: 'ngrok',
45 silly install resolved     version: '2.1.7',
45 silly install resolved     description: 'node wrapper for ngrok',
45 silly install resolved     main: 'index.js',
45 silly install resolved     scripts:
45 silly install resolved      { test: 'node ./node_modules/mocha/bin/_mocha',
45 silly install resolved        postinstall: 'node ./postinstall.js',
45 silly install resolved        postupdate: 'node ./postinstall.js' },
45 silly install resolved     files: [ 'index.js', 'postinstall.js', 'bin/ngrok' ],
45 silly install resolved     repository: { type: 'git', url: 'git://github.com/bubenshchykov/ngrok.git' },
45 silly install resolved     keywords: [ 'ngrok', 'localhost', 'tunneling', 'localtunnel', 'webhook' ],
45 silly install resolved     author: { name: 'bubenshchykov' },
45 silly install resolved     license: 'BSD-2-Clause',
45 silly install resolved     bugs: { url: 'https://github.com/bubenshchykov/ngrok/issues' },
45 silly install resolved     devDependencies: { chai: '~1.8.1', homedir: '^0.6.0', mocha: '~1.14.0' },
45 silly install resolved     dependencies:
45 silly install resolved      { async: '^0.9.0',
45 silly install resolved        'decompress-zip': '^0.3.0',
45 silly install resolved        lock: '^0.1.2',
45 silly install resolved        'node-uuid': '^1.4.3',
45 silly install resolved        request: '^2.55.0',
45 silly install resolved        'tar.gz': '^1.0.3',
45 silly install resolved        xtend: '^4.0.1' },
45 silly install resolved     bin: { ngrok: './bin/ngrok' },
45 silly install resolved     gitHead: '6b232c437502f67d0c989c23fac6d27ead7ffe31',
45 silly install resolved     homepage: 'https://github.com/bubenshchykov/ngrok#readme',
45 silly install resolved     _id: 'ngrok@2.1.7',
45 silly install resolved     _shasum: '16eafac537d87a0495c75346b60aabe064541a64',
45 silly install resolved     _from: 'ngrok@*',
45 silly install resolved     _npmVersion: '3.8.5',
45 silly install resolved     _nodeVersion: '5.8.0',
45 silly install resolved     _npmUser: { name: 'bubenshchykov', email: 'a.bubenshchykov@gmail.com' },
45 silly install resolved     maintainers: [ [Object] ],
45 silly install resolved     dist:
45 silly install resolved      { shasum: '16eafac537d87a0495c75346b60aabe064541a64',
45 silly install resolved        tarball: 'https://registry.npmjs.org/ngrok/-/ngrok-2.1.7.tgz' },
45 silly install resolved     _npmOperationalInternal:
45 silly install resolved      { host: 'packages-12-west.internal.npmjs.com',
45 silly install resolved        tmp: 'tmp/ngrok-2.1.7.tgz_1459938991486_0.27664272277615964' },
45 silly install resolved     directories: {},
45 silly install resolved     _resolved: 'https://registry.npmjs.org/ngrok/-/ngrok-2.1.7.tgz' } ]
46 info install ngrok@2.1.7 into /usr/local/lib
47 info installOne ngrok@2.1.7
48 verbose installOne of ngrok to /usr/local/lib not in flight; installing
49 warn locking Error: EACCES, open '/home/coder/.npm/_locks/ngrok-d1c70c9c77ebe6b2.lock'
49 warn locking     at Error (native)
49 warn locking  /home/coder/.npm/_locks/ngrok-d1c70c9c77ebe6b2.lock failed { [Error: EACCES, open '/home/coder/.npm/_locks/ngrok-d1c70c9c77ebe6b2.lock']
49 warn locking   errno: -13,
49 warn locking   code: 'EACCES',
49 warn locking   path: '/home/coder/.npm/_locks/ngrok-d1c70c9c77ebe6b2.lock' }
50 verbose stack Error: Attempt to unlock /usr/local/lib/node_modules/ngrok, which hasn't been locked
50 verbose stack     at unlock (/usr/local/lib/node_modules/npm/lib/utils/locker.js:66:11)
50 verbose stack     at cb (/usr/local/lib/node_modules/npm/lib/install.js:1017:5)
50 verbose stack     at /usr/local/lib/node_modules/npm/lib/install.js:1021:20
50 verbose stack     at /usr/local/lib/node_modules/npm/lib/utils/locker.js:40:9
50 verbose stack     at cb (/usr/local/lib/node_modules/npm/node_modules/lockfile/lockfile.js:149:38)
50 verbose stack     at /usr/local/lib/node_modules/npm/node_modules/lockfile/lockfile.js:177:38
50 verbose stack     at FSReqWrap.oncomplete (fs.js:95:15)
51 verbose cwd /home/coder/Desktop/Projects/spaza-app
52 error Linux 3.16.0-67-generic
53 error argv "/usr/local/bin/node" "/usr/local/bin/npm" "install" "ngrok" "-g"
54 error node v0.12.5
55 error npm  v2.11.2
56 error Attempt to unlock /usr/local/lib/node_modules/ngrok, which hasn't been locked
57 error If you need help, you may report this error at:
57 error     <https://github.com/npm/npm/issues>
58 verbose exit [ 1, true ]
